<?xml version="1.0" encoding="UTF-8"?>
<testng-results ignored="0" total="2" passed="2" failed="0" skipped="0">
  <reporter-output>
  </reporter-output>
  <suite started-at="2024-03-08T15:21:54 IST" name="Suite" finished-at="2024-03-08T15:22:21 IST" duration-ms="26841">
    <groups>
    </groups>
    <test started-at="2024-03-08T15:21:54 IST" name="chromeTest" finished-at="2024-03-08T15:22:07 IST" duration-ms="12827">
      <class name="testCases.Tc_001_NewRegistration">
        <test-method is-config="true" signature="setup(java.lang.String)[pri:0, instance:testCases.Tc_001_NewRegistration@7bba5817]" started-at="2024-03-08T15:21:54 IST" name="setup" finished-at="2024-03-08T15:22:01 IST" duration-ms="7175" status="PASS">
          <params>
            <param index="0">
              <value>
                <![CDATA[chrome]]>
              </value>
            </param>
          </params>
          <reporter-output>
          </reporter-output>
        </test-method> <!-- setup -->
        <test-method signature="registrationAccount()[pri:0, instance:testCases.Tc_001_NewRegistration@7bba5817]" started-at="2024-03-08T15:22:01 IST" name="registrationAccount" finished-at="2024-03-08T15:22:06 IST" duration-ms="4398" status="PASS">
          <reporter-output>
          </reporter-output>
        </test-method> <!-- registrationAccount -->
        <test-method is-config="true" signature="close()[pri:0, instance:testCases.Tc_001_NewRegistration@7bba5817]" started-at="2024-03-08T15:22:06 IST" name="close" finished-at="2024-03-08T15:22:07 IST" duration-ms="500" status="PASS">
          <reporter-output>
          </reporter-output>
        </test-method> <!-- close -->
      </class> <!-- testCases.Tc_001_NewRegistration -->
    </test> <!-- chromeTest -->
    <test started-at="2024-03-08T15:22:07 IST" name="EdgeTest" finished-at="2024-03-08T15:22:21 IST" duration-ms="13407">
      <class name="testCases.Tc_001_NewRegistration">
        <test-method is-config="true" signature="setup(java.lang.String)[pri:0, instance:testCases.Tc_001_NewRegistration@221a3fa4]" started-at="2024-03-08T15:22:07 IST" name="setup" finished-at="2024-03-08T15:22:15 IST" duration-ms="7854" status="PASS">
          <params>
            <param index="0">
              <value>
                <![CDATA[edge]]>
              </value>
            </param>
          </params>
          <reporter-output>
          </reporter-output>
        </test-method> <!-- setup -->
        <test-method signature="registrationAccount()[pri:0, instance:testCases.Tc_001_NewRegistration@221a3fa4]" started-at="2024-03-08T15:22:15 IST" name="registrationAccount" finished-at="2024-03-08T15:22:19 IST" duration-ms="4438" status="PASS">
          <reporter-output>
          </reporter-output>
        </test-method> <!-- registrationAccount -->
        <test-method is-config="true" signature="close()[pri:0, instance:testCases.Tc_001_NewRegistration@221a3fa4]" started-at="2024-03-08T15:22:20 IST" name="close" finished-at="2024-03-08T15:22:21 IST" duration-ms="788" status="PASS">
          <reporter-output>
          </reporter-output>
        </test-method> <!-- close -->
      </class> <!-- testCases.Tc_001_NewRegistration -->
    </test> <!-- EdgeTest -->
  </suite> <!-- Suite -->
</testng-results>
